<?xml version="1.0" encoding="UTF-8"?>
<testsuite name="ch.fhnw.wwebf.flashcard.test.QuestionnaireRepositoryTest" tests="3" skipped="0" failures="0" errors="0" timestamp="2022-09-23T19:45:51" hostname="DESKTOP-KVOMK00" time="0.002">
  <properties/>
  <testcase name="testFindAll" classname="ch.fhnw.wwebf.flashcard.test.QuestionnaireRepositoryTest" time="0.001"/>
  <testcase name="testFindById" classname="ch.fhnw.wwebf.flashcard.test.QuestionnaireRepositoryTest" time="0.0"/>
  <testcase name="testCreate" classname="ch.fhnw.wwebf.flashcard.test.QuestionnaireRepositoryTest" time="0.001"/>
  <system-out><![CDATA[]]></system-out>
  <system-err><![CDATA[]]></system-err>
</testsuite>
