<?xml version="1.0" encoding="UTF-8"?>
<testsuite name="ch.fhnw.wwebf.flashcard.test.QuestionnaireRepositoryTest" tests="3" skipped="0" failures="0" errors="0" timestamp="2022-09-23T10:56:44" hostname="DESKTOP-KVOMK00" time="0.003">
  <properties/>
  <testcase name="testFindAll" classname="ch.fhnw.wwebf.flashcard.test.QuestionnaireRepositoryTest" time="0.003"/>
  <testcase name="testFindById" classname="ch.fhnw.wwebf.flashcard.test.QuestionnaireRepositoryTest" time="0.0"/>
  <testcase name="testCreate" classname="ch.fhnw.wwebf.flashcard.test.QuestionnaireRepositoryTest" time="0.0"/>
  <system-out><![CDATA[]]></system-out>
  <system-err><![CDATA[]]></system-err>
</testsuite>
